2025-09-03 11:35:34,255 - db_helper - INFO - fetch_expenses_for_day called with 2024-08-05
2025-09-04 11:15:47,471 - db_helper - INFO - fetch_expenses_for_day called with 2023-08-01
2025-09-04 11:16:55,406 - db_helper - INFO - fetch_expenses_for_day called with 2024-08-01
2025-09-04 11:17:23,264 - db_helper - INFO - fetch_expenses_for_day called with 2024-08-05
2025-09-04 11:38:11,917 - db_helper - INFO - fetch_particular_category called with Food
2025-09-04 11:38:29,130 - db_helper - INFO - fetch_particular_category called with Food
2025-09-04 11:38:58,930 - db_helper - INFO - fetch_particular_category called with Food
2025-09-04 11:52:23,434 - db_helper - INFO - fetch_expenses_for_day called with 2024-08-01
2025-09-04 11:54:39,770 - db_helper - INFO - fetch_expenses_for_day called with 2024-08-01
2025-09-04 11:54:52,658 - db_helper - INFO - delete_db_cursor called with 2024-08-23
2025-09-04 11:54:52,705 - db_helper - INFO - insert_db_cursor called with date: 2024-08-23, amount: 3000.0, category: Rent, notes: rent payment
2025-09-04 11:54:52,764 - db_helper - INFO - insert_db_cursor called with date: 2024-08-23, amount: 400.0, category: Food, notes: Groceries for the week
2025-09-11 13:51:03,482 - db_helper - INFO - fetch_expenses_for_day called with 2024-08-02
2025-09-11 13:51:19,336 - db_helper - INFO - fetch_expenses_for_day called with 2024-08-14
2025-09-11 13:51:24,459 - db_helper - INFO - fetch_expenses_for_day called with 2024-08-07
2025-09-11 13:51:26,429 - db_helper - INFO - fetch_expenses_for_day called with 2024-08-02
2025-09-11 13:51:35,511 - db_helper - INFO - fetch_expenses_for_day called with 2024-08-01
2025-09-11 13:51:44,459 - db_helper - INFO - fetch_expenses_for_day called with 2024-08-12
2025-09-11 13:51:49,982 - db_helper - INFO - fetch_expenses_for_day called with 2024-08-04
2025-09-11 13:58:51,120 - db_helper - INFO - fetch_expenses_for_day called with 2024-08-05
2025-09-11 13:58:56,940 - db_helper - INFO - fetch_expenses_for_day called with 2024-08-06
2025-09-11 13:59:01,714 - db_helper - INFO - fetch_expenses_for_day called with 2024-08-10
2025-09-11 13:59:05,764 - db_helper - INFO - fetch_expenses_for_day called with 2024-08-09
2025-09-11 13:59:09,356 - db_helper - INFO - fetch_expenses_for_day called with 2024-08-08
2025-09-11 13:59:13,219 - db_helper - INFO - fetch_expenses_for_day called with 2024-08-07
2025-09-11 13:59:15,909 - db_helper - INFO - fetch_expenses_for_day called with 2024-08-06
2025-09-11 14:11:07,525 - db_helper - INFO - fetch_expenses_for_day called with 2024-08-06
2025-09-11 14:11:26,233 - db_helper - INFO - fetch_expenses_for_day called with 2024-08-09
2025-09-11 14:12:19,148 - db_helper - INFO - fetch_expenses_for_day called with 2024-08-09
2025-09-11 14:13:21,249 - db_helper - INFO - fetch_expenses_for_day called with 2024-08-09
2025-09-11 14:15:00,030 - db_helper - INFO - fetch_expenses_for_day called with 2024-08-09
2025-09-11 14:15:26,120 - db_helper - INFO - fetch_expenses_for_day called with 2024-08-09
2025-09-11 14:21:59,789 - db_helper - INFO - fetch_expenses_for_day called with 2024-08-09
2025-09-11 14:22:32,044 - db_helper - INFO - fetch_expenses_for_day called with 2024-08-01
2025-09-11 14:23:18,367 - db_helper - INFO - fetch_expenses_for_day called with 2024-08-01
2025-09-11 14:26:10,689 - db_helper - INFO - fetch_expenses_for_day called with 2024-08-01
2025-09-11 14:33:45,752 - db_helper - INFO - fetch_expenses_for_day called with 2024-08-01
2025-09-11 14:34:04,172 - db_helper - INFO - fetch_expenses_for_day called with 2024-08-09
2025-09-11 14:34:12,224 - db_helper - INFO - fetch_expenses_for_day called with 2024-08-04
2025-09-11 14:34:18,531 - db_helper - INFO - fetch_expenses_for_day called with 2024-08-01
2025-09-11 14:34:23,790 - db_helper - INFO - fetch_expenses_for_day called with 2024-08-03
2025-09-11 14:34:42,701 - db_helper - INFO - fetch_expenses_for_day called with 2024-08-03
2025-09-11 14:35:14,673 - db_helper - INFO - fetch_expenses_for_day called with 2024-08-03
2025-09-11 14:35:20,118 - db_helper - INFO - fetch_expenses_for_day called with 2024-08-01
2025-09-11 14:35:24,849 - db_helper - INFO - fetch_expenses_for_day called with 2024-08-16
2025-09-11 14:36:42,325 - db_helper - INFO - fetch_expenses_for_day called with 2024-08-16
2025-09-11 14:36:52,437 - db_helper - INFO - fetch_expenses_for_day called with 2024-08-01
2025-09-11 14:36:58,742 - db_helper - INFO - fetch_expenses_for_day called with 2024-08-06
2025-09-11 14:37:14,679 - db_helper - INFO - fetch_expenses_for_day called with 2024-08-06
2025-09-11 14:38:06,103 - db_helper - INFO - fetch_expenses_for_day called with 2024-08-15
2025-09-11 14:38:15,016 - db_helper - INFO - fetch_expenses_for_day called with 2024-08-31
2025-09-11 14:38:37,830 - db_helper - INFO - fetch_expenses_for_day called with 2024-08-31
2025-09-11 14:38:54,522 - db_helper - INFO - fetch_expenses_for_day called with 2024-08-31
2025-09-11 14:39:03,708 - db_helper - INFO - fetch_expenses_for_day called with 2024-08-01
2025-09-11 14:39:19,301 - db_helper - INFO - fetch_expenses_for_day called with 2024-08-01
2025-09-11 14:39:25,583 - db_helper - INFO - fetch_expenses_for_day called with 2024-08-02
2025-09-11 14:39:42,505 - db_helper - INFO - fetch_expenses_for_day called with 2024-08-02
2025-09-11 14:40:19,126 - db_helper - INFO - fetch_expenses_for_day called with 2024-08-02
2025-09-11 14:40:30,013 - db_helper - INFO - fetch_expenses_for_day called with 2024-08-01
2025-09-11 14:40:48,047 - db_helper - INFO - fetch_expenses_for_day called with 2024-08-01
2025-09-11 14:41:02,210 - db_helper - INFO - fetch_expenses_for_day called with 2024-08-04
2025-09-11 14:48:40,520 - db_helper - INFO - fetch_expenses_for_day called with 2024-08-01
2025-09-11 14:49:26,813 - db_helper - INFO - fetch_expenses_for_day called with 2024-08-01
2025-09-11 14:50:11,073 - db_helper - INFO - fetch_expenses_for_day called with 2024-08-01
2025-09-11 14:52:23,866 - db_helper - INFO - fetch_expenses_for_day called with 2024-08-01
2025-09-11 14:52:45,658 - db_helper - INFO - fetch_expenses_for_day called with 2024-08-01
2025-09-11 15:03:15,491 - db_helper - INFO - fetch_expenses_for_day called with 2024-08-01
2025-09-11 15:03:26,521 - db_helper - INFO - fetch_expenses_for_day called with 2024-08-09
2025-09-11 15:09:45,398 - db_helper - INFO - fetch_expenses_for_day called with 2024-08-09
2025-09-11 15:10:11,262 - db_helper - INFO - fetch_expenses_for_day called with 2024-08-09
2025-09-11 15:11:50,381 - db_helper - INFO - fetch_expenses_for_day called with 2024-08-09
2025-09-11 15:12:35,429 - db_helper - INFO - fetch_expenses_for_day called with 2024-08-09
2025-09-11 15:14:19,650 - db_helper - INFO - fetch_expenses_for_day called with 2024-08-09
2025-09-11 15:14:21,751 - db_helper - INFO - delete_db_cursor called with 2024-08-09
2025-09-11 15:14:21,796 - db_helper - INFO - insert_db_cursor called with date: 2024-08-09, amount: 20.0, category: Shopping, notes: bought coconut
2025-09-11 15:14:21,849 - db_helper - INFO - insert_db_cursor called with date: 2024-08-09, amount: 30.0, category: Entertainment, notes: Cinema
2025-09-11 15:14:21,891 - db_helper - INFO - insert_db_cursor called with date: 2024-08-09, amount: 40.0, category: Food, notes: ate pakoda
2025-09-11 15:14:54,505 - db_helper - INFO - fetch_expenses_for_day called with 2024-08-01
2025-09-11 15:15:07,850 - db_helper - INFO - fetch_expenses_for_day called with 2024-08-07
2025-09-11 15:15:26,402 - db_helper - INFO - fetch_expenses_for_day called with 2024-08-09
2025-09-11 15:17:19,769 - db_helper - INFO - fetch_expenses_for_day called with 2024-08-01
2025-09-12 12:00:51,851 - db_helper - INFO - fetch_expense_fro_category called with start: 2023-08-01 end: 2023-08-05
2025-09-12 12:01:28,227 - db_helper - INFO - fetch_expense_fro_category called with start: 2024-08-01 end: 2024-08-05
2025-09-12 12:07:26,141 - db_helper - INFO - fetch_expense_fro_category called with start: 2024-08-01 end: 2024-08-05
2025-09-12 12:10:49,559 - db_helper - INFO - fetch_expense_fro_category called with start: 2024-08-01 end: 2024-08-05
2025-09-12 12:18:34,741 - db_helper - INFO - fetch_expense_fro_category called with start: 2024-08-04 end: 2024-08-05
2025-09-12 12:38:47,455 - db_helper - INFO - fetch_expenses_for_day called with 2024-08-01
2025-09-12 12:39:07,673 - db_helper - INFO - fetch_expenses_for_day called with 2024-08-01
2025-09-12 12:39:20,089 - db_helper - INFO - fetch_expenses_for_day called with 2024-08-01
2025-09-12 12:39:31,728 - db_helper - INFO - fetch_expenses_for_day called with 2024-08-06
2025-09-12 12:41:08,130 - db_helper - INFO - fetch_expenses_for_day called with 2024-08-06
2025-09-12 12:43:42,282 - db_helper - INFO - fetch_expenses_for_day called with 2024-08-06
2025-09-12 12:43:46,439 - db_helper - INFO - fetch_expenses_for_day called with 2024-08-06
2025-09-12 12:44:28,863 - db_helper - INFO - fetch_expenses_for_day called with 2024-08-06
2025-09-12 12:44:32,401 - db_helper - INFO - fetch_expenses_for_day called with 2024-08-06
2025-09-12 12:44:34,526 - db_helper - INFO - fetch_expense_fro_category called with start: 2024-08-01 end: 2024-08-05
2025-09-12 12:49:14,879 - db_helper - INFO - fetch_expenses_for_day called with 2024-08-06
2025-09-12 12:49:18,533 - db_helper - INFO - fetch_expenses_for_day called with 2024-08-06
2025-09-12 12:49:20,634 - db_helper - INFO - fetch_expense_fro_category called with start: 2024-08-01 end: 2024-08-05
2025-09-12 12:49:32,322 - db_helper - INFO - fetch_expenses_for_day called with 2024-08-06
2025-09-12 12:49:34,417 - db_helper - INFO - fetch_expense_fro_category called with start: 2024-08-01 end: 2024-08-05
2025-09-12 12:50:18,066 - db_helper - INFO - fetch_expenses_for_day called with 2024-08-06
2025-09-12 12:50:21,197 - db_helper - INFO - fetch_expenses_for_day called with 2024-08-06
2025-09-12 12:50:23,324 - db_helper - INFO - fetch_expense_fro_category called with start: 2024-08-01 end: 2024-08-05
2025-09-12 12:51:26,695 - db_helper - INFO - fetch_expenses_for_day called with 2024-08-06
2025-09-12 12:51:29,612 - db_helper - INFO - fetch_expenses_for_day called with 2024-08-06
2025-09-12 12:51:31,735 - db_helper - INFO - fetch_expense_fro_category called with start: 2024-08-01 end: 2024-08-05
2025-09-12 12:52:18,532 - db_helper - INFO - fetch_expenses_for_day called with 2024-08-06
2025-09-12 12:52:21,230 - db_helper - INFO - fetch_expenses_for_day called with 2024-08-06
2025-09-12 12:52:23,354 - db_helper - INFO - fetch_expense_fro_category called with start: 2024-08-01 end: 2024-08-05
2025-09-12 12:52:42,243 - db_helper - INFO - fetch_expenses_for_day called with 2024-08-06
2025-09-12 12:52:54,928 - db_helper - INFO - fetch_expenses_for_day called with 2024-08-06
2025-09-12 12:52:56,035 - db_helper - INFO - fetch_expenses_for_day called with 2024-08-06
2025-09-12 12:52:58,140 - db_helper - INFO - fetch_expense_fro_category called with start: 2024-07-30 end: 2024-08-01
2025-09-12 12:53:07,664 - db_helper - INFO - fetch_expenses_for_day called with 2024-08-06
2025-09-12 12:53:10,918 - db_helper - INFO - fetch_expenses_for_day called with 2024-08-06
2025-09-12 12:53:13,018 - db_helper - INFO - fetch_expense_fro_category called with start: 2024-07-20 end: 2024-08-01
2025-09-12 12:53:17,292 - db_helper - INFO - fetch_expenses_for_day called with 2024-08-06
2025-09-12 12:53:20,062 - db_helper - INFO - fetch_expenses_for_day called with 2024-08-06
2025-09-12 12:53:22,188 - db_helper - INFO - fetch_expense_fro_category called with start: 2024-07-01 end: 2024-08-01
2025-09-12 12:53:34,885 - db_helper - INFO - fetch_expenses_for_day called with 2024-08-06
2025-09-12 12:53:38,740 - db_helper - INFO - fetch_expenses_for_day called with 2024-08-06
2025-09-12 12:53:39,976 - db_helper - INFO - fetch_expenses_for_day called with 2024-08-06
2025-09-12 12:53:42,098 - db_helper - INFO - fetch_expense_fro_category called with start: 2024-08-01 end: 2024-08-06
2025-09-12 12:53:53,563 - db_helper - INFO - fetch_expenses_for_day called with 2024-08-06
2025-09-12 12:53:54,710 - db_helper - INFO - fetch_expenses_for_day called with 2024-08-06
2025-09-12 12:53:56,825 - db_helper - INFO - fetch_expense_fro_category called with start: 2024-06-01 end: 2024-08-06
2025-09-12 12:54:03,235 - db_helper - INFO - fetch_expenses_for_day called with 2024-08-06
2025-09-12 12:54:05,364 - db_helper - INFO - fetch_expense_fro_category called with start: 2024-06-01 end: 2024-08-06
2025-09-12 12:54:52,434 - db_helper - INFO - fetch_expenses_for_day called with 2024-08-06
2025-09-12 12:54:55,355 - db_helper - INFO - fetch_expenses_for_day called with 2024-08-06
2025-09-12 12:54:57,448 - db_helper - INFO - fetch_expense_fro_category called with start: 2024-06-01 end: 2024-08-06
2025-09-12 12:56:12,928 - db_helper - INFO - fetch_expenses_for_day called with 2024-08-06
2025-09-12 12:56:16,624 - db_helper - INFO - fetch_expenses_for_day called with 2024-08-06
2025-09-12 12:56:18,731 - db_helper - INFO - fetch_expense_fro_category called with start: 2024-06-01 end: 2024-08-06
2025-09-12 12:58:07,278 - db_helper - INFO - fetch_expenses_for_day called with 2024-08-06
2025-09-12 12:58:10,782 - db_helper - INFO - fetch_expenses_for_day called with 2024-08-06
2025-09-12 12:58:12,887 - db_helper - INFO - fetch_expense_fro_category called with start: 2024-06-01 end: 2024-08-06
2025-09-12 12:58:41,571 - db_helper - INFO - fetch_expenses_for_day called with 2024-08-06
2025-09-12 12:58:44,338 - db_helper - INFO - fetch_expenses_for_day called with 2024-08-06
2025-09-12 12:58:46,463 - db_helper - INFO - fetch_expense_fro_category called with start: 2024-06-01 end: 2024-09-18
2025-09-12 13:00:31,422 - db_helper - INFO - fetch_expenses_for_day called with 2024-08-06
2025-09-12 13:00:35,284 - db_helper - INFO - fetch_expenses_for_day called with 2024-08-06
2025-09-12 13:00:37,363 - db_helper - INFO - fetch_expense_fro_category called with start: 2024-06-01 end: 2024-09-18
2025-09-12 13:01:16,068 - db_helper - INFO - fetch_expenses_for_day called with 2024-08-06
2025-09-12 13:01:19,480 - db_helper - INFO - fetch_expenses_for_day called with 2024-08-06
2025-09-12 13:01:21,585 - db_helper - INFO - fetch_expense_fro_category called with start: 2024-06-01 end: 2024-09-18
2025-09-12 13:02:25,766 - db_helper - INFO - fetch_expenses_for_day called with 2024-08-06
2025-09-12 13:02:34,142 - db_helper - INFO - fetch_expenses_for_day called with 2024-08-06
2025-09-12 13:02:36,260 - db_helper - INFO - fetch_expense_fro_category called with start: 2024-06-01 end: 2024-09-18
2025-09-12 13:05:19,584 - db_helper - INFO - fetch_expenses_for_day called with 2024-08-06
2025-09-12 13:05:25,061 - db_helper - INFO - fetch_expenses_for_day called with 2024-08-06
2025-09-12 13:05:27,149 - db_helper - INFO - fetch_expense_fro_category called with start: 2024-06-01 end: 2024-09-18
2025-09-12 13:08:18,738 - db_helper - INFO - fetch_expenses_for_day called with 2024-08-06
2025-09-12 13:08:22,016 - db_helper - INFO - fetch_expenses_for_day called with 2024-08-06
2025-09-12 13:08:24,090 - db_helper - INFO - fetch_expense_fro_category called with start: 2024-06-01 end: 2024-09-18
2025-09-12 13:08:43,835 - db_helper - INFO - fetch_expenses_for_day called with 2024-08-06
2025-09-12 13:08:47,275 - db_helper - INFO - fetch_expenses_for_day called with 2024-08-06
2025-09-12 13:08:49,389 - db_helper - INFO - fetch_expense_fro_category called with start: 2024-06-01 end: 2024-09-18
2025-09-13 11:37:07,134 - db_helper - INFO - fetch_expenses_for_month called with year: 2024-08-09 month: 2024-09-09
2025-09-13 11:46:13,007 - db_helper - INFO - fetch_expenses_for_month called with year: 2024-08-09 month: 2024-09-08
2025-09-13 11:48:56,645 - db_helper - INFO - fetch_expenses_for_month called with year: 2024-08-09 month: 2024-09-09
2025-09-13 11:50:02,536 - db_helper - INFO - fetch_expenses_for_month called with year: 2024-08-09 month: 2024-09-09
2025-09-13 11:50:27,774 - db_helper - INFO - fetch_expenses_for_month called with year: 2024-08-09 month: 2024-09-09
2025-09-13 11:52:31,631 - db_helper - INFO - fetch_expenses_for_month called with year: 2024-08-09 month: 2024-08-09
2025-09-13 11:52:43,878 - db_helper - INFO - fetch_expenses_for_month called with year: 2024-08-09 month: 2024-09-09
2025-09-13 12:01:49,988 - db_helper - INFO - fetch_expenses_for_month called with from: 2024-08-09 to: 2024-09-09
2025-09-13 12:05:49,500 - db_helper - INFO - fetch_expenses_for_month called with from: 2024-08-09 to: 2024-09-09
2025-09-13 12:06:07,651 - db_helper - INFO - fetch_expenses_for_month called with from: 2024-08-09 to: 2024-09-09
2025-09-13 12:08:21,169 - db_helper - INFO - fetch_expenses_for_month called with from: 2024-08-09 to: 2024-09-09
2025-09-13 12:09:10,200 - db_helper - INFO - fetch_expenses_for_month called with from: 2024-08-09 to: 2024-09-09
2025-09-13 12:11:17,889 - db_helper - INFO - fetch_expenses_for_month called with from: 2024-08-09 to: 2024-09-09
2025-09-13 12:13:17,067 - db_helper - INFO - fetch_expenses_for_month called with from: 2024-08-09 to: 2024-09-09
2025-09-13 15:58:30,018 - db_helper - INFO - fetch_expenses_for_day called with 2024-08-01
2025-09-13 15:58:38,032 - db_helper - INFO - fetch_expenses_for_day called with 2024-08-01
2025-09-13 15:58:40,148 - db_helper - INFO - fetch_expense_fro_category called with start: 2024-08-01 end: 2024-08-05
2025-09-13 15:59:56,510 - db_helper - INFO - fetch_expenses_for_day called with 2024-08-01
2025-09-13 16:00:06,841 - db_helper - INFO - fetch_expenses_for_day called with 2024-08-01
2025-09-13 16:02:51,581 - db_helper - INFO - fetch_expenses_for_day called with 2024-08-01
2025-09-13 16:02:56,680 - db_helper - INFO - fetch_expenses_for_day called with 2024-08-01
2025-09-13 16:02:58,814 - db_helper - INFO - fetch_expenses_for_month called with from: 2024-08-01 to: 2024-09-01
2025-09-13 16:04:02,429 - db_helper - INFO - fetch_expenses_for_day called with 2024-08-07
2025-09-13 16:04:05,750 - db_helper - INFO - fetch_expenses_for_day called with 2024-08-07
2025-09-13 16:04:07,853 - db_helper - INFO - delete_db_cursor called with 2024-08-07
2025-09-13 16:04:13,895 - db_helper - INFO - fetch_expenses_for_day called with 2024-08-01
2025-09-13 16:04:22,822 - db_helper - INFO - fetch_expenses_for_day called with 2024-08-07
2025-09-13 16:04:33,876 - db_helper - INFO - fetch_expenses_for_day called with 2024-08-07
2025-09-13 16:04:36,214 - db_helper - INFO - fetch_expenses_for_day called with 2024-08-07
2025-09-13 16:04:39,286 - db_helper - INFO - fetch_expenses_for_day called with 2024-08-07
2025-09-13 16:04:41,393 - db_helper - INFO - fetch_expense_fro_category called with start: 2024-08-01 end: 2024-09-01
2025-09-13 16:04:51,159 - db_helper - INFO - fetch_expenses_for_day called with 2024-08-07
2025-09-13 16:04:53,288 - db_helper - INFO - fetch_expenses_for_month called with from: 2024-08-01 to: 2024-09-01
